jhsfjkhsk jhfkjshdkfjhsjfks
NoneType: None
Performing system checks...

System check identified no issues (0 silenced).
June 08, 2021 - 15:40:19
Django version 3.2.3, using settings 'bluebox.settings'
Starting development server at http://0:8000/
Quit the server with CONTROL-C.
jhsfjkhsk jhfkjshdkfjhsjfks
NoneType: None
Performing system checks...

System check identified no issues (0 silenced).
June 09, 2021 - 06:40:15
Django version 3.2.3, using settings 'bluebox.settings'
Starting development server at http://0:8000/
Quit the server with CONTROL-C.
Exception in thread django-main-thread:
Traceback (most recent call last):
  File "/usr/lib/python3.8/threading.py", line 932, in _bootstrap_inner
    self.run()
  File "/usr/lib/python3.8/threading.py", line 870, in run
    self._target(*self._args, **self._kwargs)
  File "/home/project/venv/lib/python3.8/site-packages/django/utils/autoreload.py", line 64, in wrapper
    fn(*args, **kwargs)
  File "/home/project/venv/lib/python3.8/site-packages/django/core/management/commands/runserver.py", line 110, in inner_run
    autoreload.raise_last_exception()
  File "/home/project/venv/lib/python3.8/site-packages/django/utils/autoreload.py", line 87, in raise_last_exception
    raise _exception[1]
  File "/home/project/venv/lib/python3.8/site-packages/django/core/management/__init__.py", line 375, in execute
    autoreload.check_errors(django.setup)()
  File "/home/project/venv/lib/python3.8/site-packages/django/utils/autoreload.py", line 64, in wrapper
    fn(*args, **kwargs)
  File "/home/project/venv/lib/python3.8/site-packages/django/__init__.py", line 24, in setup
    apps.populate(settings.INSTALLED_APPS)
  File "/home/project/venv/lib/python3.8/site-packages/django/apps/registry.py", line 91, in populate
    app_config = AppConfig.create(entry)
  File "/home/project/venv/lib/python3.8/site-packages/django/apps/config.py", line 224, in create
    import_module(entry)
  File "/usr/lib/python3.8/importlib/__init__.py", line 127, in import_module
    return _bootstrap._gcd_import(name[level:], package, level)
  File "<frozen importlib._bootstrap>", line 1014, in _gcd_import
  File "<frozen importlib._bootstrap>", line 991, in _find_and_load
  File "<frozen importlib._bootstrap>", line 973, in _find_and_load_unlocked
ModuleNotFoundError: No module named 'jet'
jhsfjkhsk jhfkjshdkfjhsjfks
NoneType: None
Performing system checks...

System check identified no issues (0 silenced).
June 18, 2021 - 07:08:16
Django version 3.2.3, using settings 'bluebox.settings'
Starting development server at http://0:8000/
Quit the server with CONTROL-C.
jhsfjkhsk jhfkjshdkfjhsjfks
NoneType: None
jhsfjkhsk jhfkjshdkfjhsjfks
NoneType: None
Performing system checks...

System check identified no issues (0 silenced).
July 01, 2021 - 06:02:45
Django version 3.2.3, using settings 'bluebox.settings'
Starting development server at http://0:8000/
Quit the server with CONTROL-C.
/home/project/venv/lib/python3.8/site-packages/rest_framework/pagination.py:200: UnorderedObjectListWarning: Pagination may yield inconsistent results with an unordered object_list: <class 'pages.models.WhyChooseUs'> QuerySet.
  paginator = self.django_paginator_class(queryset, page_size)
/home/project/venv/lib/python3.8/site-packages/rest_framework/pagination.py:200: UnorderedObjectListWarning: Pagination may yield inconsistent results with an unordered object_list: <class 'pages.models.Home'> QuerySet.
  paginator = self.django_paginator_class(queryset, page_size)
/home/project/venv/lib/python3.8/site-packages/rest_framework/pagination.py:200: UnorderedObjectListWarning: Pagination may yield inconsistent results with an unordered object_list: <class 'store.models.Location'> QuerySet.
  paginator = self.django_paginator_class(queryset, page_size)
/home/project/venv/lib/python3.8/site-packages/rest_framework/pagination.py:200: UnorderedObjectListWarning: Pagination may yield inconsistent results with an unordered object_list: <class 'pages.models.Testimonial'> QuerySet.
  paginator = self.django_paginator_class(queryset, page_size)
/home/project/venv/lib/python3.8/site-packages/rest_framework/pagination.py:200: UnorderedObjectListWarning: Pagination may yield inconsistent results with an unordered object_list: <class 'pages.models.ContactUsInfo'> QuerySet.
  paginator = self.django_paginator_class(queryset, page_size)
/home/project/venv/lib/python3.8/site-packages/rest_framework/pagination.py:200: UnorderedObjectListWarning: Pagination may yield inconsistent results with an unordered object_list: <class 'store.models.RentalPeriod'> QuerySet.
  paginator = self.django_paginator_class(queryset, page_size)
/home/project/venv/lib/python3.8/site-packages/rest_framework/pagination.py:200: UnorderedObjectListWarning: Pagination may yield inconsistent results with an unordered object_list: <class 'store.models.TimeSlots'> QuerySet.
  paginator = self.django_paginator_class(queryset, page_size)
/home/project/venv/lib/python3.8/site-packages/rest_framework/pagination.py:200: UnorderedObjectListWarning: Pagination may yield inconsistent results with an unordered object_list: <class 'store.models.ExtraWork'> QuerySet.
  paginator = self.django_paginator_class(queryset, page_size)
Performing system checks...

System check identified no issues (0 silenced).
July 19, 2021 - 09:48:22
Django version 3.2.3, using settings 'bluebox.settings'
Starting development server at http://0:8000/
Quit the server with CONTROL-C.
self.kwargs Home Box Packges Week 2
self.kwargs Home Box Packges Week 6
self.kwargs Home Box Packges Week 5
self.kwargs Home Box Packges Week 4
self.kwargs Home Box Packges Week 3
self.kwargs Home Box Packges Week 2
self.kwargs Home Box Packges Week 1
Exception in thread django-main-thread:
Traceback (most recent call last):
  File "/usr/lib/python3.8/threading.py", line 932, in _bootstrap_inner
    self.run()
  File "/usr/lib/python3.8/threading.py", line 870, in run
    self._target(*self._args, **self._kwargs)
  File "/home/project/venv/lib/python3.8/site-packages/django/utils/autoreload.py", line 64, in wrapper
    fn(*args, **kwargs)
  File "/home/project/venv/lib/python3.8/site-packages/django/core/management/commands/runserver.py", line 118, in inner_run
    self.check(display_num_errors=True)
  File "/home/project/venv/lib/python3.8/site-packages/django/core/management/base.py", line 419, in check
    all_issues = checks.run_checks(
  File "/home/project/venv/lib/python3.8/site-packages/django/core/checks/registry.py", line 76, in run_checks
    new_errors = check(app_configs=app_configs, databases=databases)
  File "/home/project/venv/lib/python3.8/site-packages/django/core/checks/urls.py", line 13, in check_url_config
    return check_resolver(resolver)
  File "/home/project/venv/lib/python3.8/site-packages/django/core/checks/urls.py", line 23, in check_resolver
    return check_method()
  File "/home/project/venv/lib/python3.8/site-packages/django/urls/resolvers.py", line 412, in check
    for pattern in self.url_patterns:
  File "/home/project/venv/lib/python3.8/site-packages/django/utils/functional.py", line 48, in __get__
    res = instance.__dict__[self.name] = self.func(instance)
  File "/home/project/venv/lib/python3.8/site-packages/django/urls/resolvers.py", line 598, in url_patterns
    patterns = getattr(self.urlconf_module, "urlpatterns", self.urlconf_module)
  File "/home/project/venv/lib/python3.8/site-packages/django/utils/functional.py", line 48, in __get__
    res = instance.__dict__[self.name] = self.func(instance)
  File "/home/project/venv/lib/python3.8/site-packages/django/urls/resolvers.py", line 591, in urlconf_module
    return import_module(self.urlconf_name)
  File "/usr/lib/python3.8/importlib/__init__.py", line 127, in import_module
    return _bootstrap._gcd_import(name[level:], package, level)
  File "<frozen importlib._bootstrap>", line 1014, in _gcd_import
  File "<frozen importlib._bootstrap>", line 991, in _find_and_load
  File "<frozen importlib._bootstrap>", line 975, in _find_and_load_unlocked
  File "<frozen importlib._bootstrap>", line 671, in _load_unlocked
  File "<frozen importlib._bootstrap_external>", line 848, in exec_module
  File "<frozen importlib._bootstrap>", line 219, in _call_with_frames_removed
  File "/home/project/bluebox/bluebox/urls.py", line 34, in <module>
    path("order/", include("order.urls")),
  File "/home/project/venv/lib/python3.8/site-packages/django/urls/conf.py", line 34, in include
    urlconf_module = import_module(urlconf_module)
  File "/usr/lib/python3.8/importlib/__init__.py", line 127, in import_module
    return _bootstrap._gcd_import(name[level:], package, level)
  File "<frozen importlib._bootstrap>", line 1014, in _gcd_import
  File "<frozen importlib._bootstrap>", line 991, in _find_and_load
  File "<frozen importlib._bootstrap>", line 975, in _find_and_load_unlocked
  File "<frozen importlib._bootstrap>", line 671, in _load_unlocked
  File "<frozen importlib._bootstrap_external>", line 848, in exec_module
  File "<frozen importlib._bootstrap>", line 219, in _call_with_frames_removed
  File "/home/project/bluebox/order/urls.py", line 2, in <module>
    from order import views
  File "/home/project/bluebox/order/views.py", line 4, in <module>
    import stripe
ModuleNotFoundError: No module named 'stripe'
Performing system checks...

System check identified no issues (0 silenced).
August 05, 2021 - 04:19:43
Django version 3.2.3, using settings 'bluebox.settings'
Starting development server at http://0:8000/
Quit the server with CONTROL-C.
Performing system checks...

Performing system checks...

System check identified no issues (0 silenced).
August 12, 2021 - 06:31:21
Django version 3.2.3, using settings 'bluebox.settings'
Starting development server at http://0:8000/
Quit the server with CONTROL-C.
self.kwargs Home Box Packges Week 2
self.kwargs Home Box Packges Week 2
self.kwargs Home Box Packges Week 2
self.kwargs Home Box Packges Week 2
self.kwargs Home Box Packges Week 2
self.kwargs Home Box Packges Week 2
self.kwargs Home Box Packges Week 2
self.kwargs Home Box Packges Week 1
self.kwargs Home Box Packges Week 3
self.kwargs Home Box Packges Week 4
self.kwargs Home Box Packges Week 5
self.kwargs Home Box Packges Week 6
self.kwargs Home Box Packges Week 2
self.kwargs Home Box Packges Week 1
self.kwargs Home Box Packges Week 2
self.kwargs Home Box Packges Week 2
self.kwargs Home Box Packges Week 2
self.kwargs Home Box Packges Week 2
self.kwargs Home Box Packges Week 3
self.kwargs Home Box Packges Week 4
self.kwargs Home Box Packges Week 5
self.kwargs Home Box Packges Week 6
self.kwargs Home Box Packges Week 1
self.kwargs Home Box Packges Week 2
self.kwargs Home Box Packges Week 2
self.kwargs Home Box Packges Week 3
self.kwargs Home Box Packges Week 4
self.kwargs Home Box Packges Week 5
self.kwargs Home Box Packges Week 6
self.kwargs Home Box Packges Week 2
self.kwargs Home Box Packges Week 3
self.kwargs Home Box Packges Week 4
self.kwargs Home Box Packges Week 1
self.kwargs Home Box Packges Week 2
self.kwargs Home Box Packges Week 1
self.kwargs Home Box Packges Week 2
self.kwargs Home Box Packges Week 2
self.kwargs Home Box Packges Week 3
self.kwargs Home Box Packges Week 2
self.kwargs Home Box Packges Week 2
self.kwargs Home Box Packges Week 3
self.kwargs Home Box Packges Week 4
self.kwargs Home Box Packges Week 5
self.kwargs Home Box Packges Week 1
self.kwargs Home Box Packges Week 2
self.kwargs Home Box Packges Week 2
self.kwargs Home Box Packges Week 2
self.kwargs Home Box Packges Week 1
self.kwargs Home Box Packges Week 2
self.kwargs Home Box Packges Week 3
self.kwargs Home Box Packges Week 4
self.kwargs Home Box Packges Week 5
self.kwargs Home Box Packges Week 6
self.kwargs Home Box Packges Week 1
self.kwargs Home Box Packges Week 2
self.kwargs Home Box Packges Week 2
self.kwargs Home Box Packges Week 1
self.kwargs Home Box Packges Week 2
self.kwargs Home Box Packges Week 2
self.kwargs Home Box Packges Week 1
self.kwargs Home Box Packges Week 2
self.kwargs Home Box Packges Week 1
self.kwargs Home Box Packges Week 2
self.kwargs Home Box Packges Week 1
self.kwargs Home Box Packges Week 2
self.kwargs Home Box Packges Week 1
self.kwargs Home Box Packges Week 2
self.kwargs Home Box Packges Week 1
self.kwargs Home Box Packges Week 2
self.kwargs Home Box Packges Week 2
self.kwargs Home Box Packges Week 1
self.kwargs Home Box Packges Week 2
self.kwargs Home Box Packges Week 3
self.kwargs Home Box Packges Week 2
self.kwargs Home Box Packges Week 1
self.kwargs Home Box Packges Week 2
self.kwargs Home Box Packges Week 3
self.kwargs Home Box Packges Week 2
self.kwargs Home Box Packges Week 2
self.kwargs Home Box Packges Week 2
self.kwargs Home Box Packges Week 2
self.kwargs Home Box Packges Week 2
self.kwargs Home Box Packges Week 2
self.kwargs Home Box Packges Week 2
self.kwargs Home Box Packges Week 3
self.kwargs Home Box Packges Week 2
self.kwargs Home Box Packges Week 2
self.kwargs Home Box Packges Week 1
self.kwargs Home Box Packges Week 3
self.kwargs Home Box Packges Week 4
self.kwargs Home Box Packges Week 5
self.kwargs Home Box Packges Week 1
self.kwargs Home Box Packges Week 2
self.kwargs Home Box Packges Week 3
self.kwargs Home Box Packges Week 4
self.kwargs Home Box Packges Week 2
self.kwargs Home Box Packges Week 2
self.kwargs Home Box Packges Week 3
self.kwargs Home Box Packges Week 4
self.kwargs Home Box Packges Week 2
self.kwargs Home Box Packges Week 1
self.kwargs Home Box Packges Week 2
self.kwargs Home Box Packges Week 2
self.kwargs Home Box Packges Week 1
self.kwargs Home Box Packges Week 2
self.kwargs Home Box Packges Week 1
self.kwargs Home Box Packges Week 2
self.kwargs Home Box Packges Week 2
self.kwargs Home Box Packges Week 2
self.kwargs Home Box Packges Week 1
self.kwargs Home Box Packges Week 2
self.kwargs Home Box Packges Week 3
self.kwargs Home Box Packges Week 4
self.kwargs Home Box Packges Week 5
self.kwargs Home Box Packges Week 6
self.kwargs Home Box Packges Week 1
self.kwargs Home Box Packges Week 2
self.kwargs Home Box Packges Week 3
self.kwargs Home Box Packges Week 4
self.kwargs Home Box Packges Week 5
self.kwargs Home Box Packges Week 3
self.kwargs Home Box Packges Week 2
self.kwargs Home Box Packges Week 1
self.kwargs Home Box Packges Week 2
self.kwargs Home Box Packges Week 1
self.kwargs Home Box Packges Week 1
self.kwargs Home Box Packges Week 3
self.kwargs Home Box Packges Week 2
self.kwargs Home Box Packges Week 3
self.kwargs Home Box Packges Week 2
self.kwargs Home Box Packges Week 1
self.kwargs Home Box Packges Week 2
self.kwargs Home Box Packges Week 2
self.kwargs Home Box Packges Week 3
self.kwargs Home Box Packges Week 4
self.kwargs Home Box Packges Week 1
self.kwargs Home Box Packges Week 1
self.kwargs Home Box Packges Week 2
self.kwargs Home Box Packges Week 2
self.kwargs Home Box Packges Week 2
self.kwargs Home Box Packges Week 3
self.kwargs Home Box Packges Week 4
self.kwargs Home Box Packges Week 5
self.kwargs Home Box Packges Week 3
self.kwargs Home Box Packges Week 2
self.kwargs Home Box Packges Week 1
self.kwargs Home Box Packges Week 2
self.kwargs Home Box Packges Week 1
self.kwargs Home Box Packges Week 2
self.kwargs Home Box Packges Week 1
self.kwargs Home Box Packges Week 2
self.kwargs Home Box Packges Week 1
self.kwargs Home Box Packges Week 2
self.kwargs Home Box Packges Week 2
self.kwargs Home Box Packges Week 6
self.kwargs Home Box Packges Week 2
self.kwargs Home Box Packges Week 2
self.kwargs Home Box Packges Week 1
self.kwargs Home Box Packges Week 2
self.kwargs Home Box Packges Week 1
self.kwargs Home Box Packges Week 2
self.kwargs Home Box Packges Week 2
self.kwargs Home Box Packges Week 2
self.kwargs Home Box Packges Week 2
self.kwargs Home Box Packges Week 2
self.kwargs Home Box Packges Week 2
self.kwargs Home Box Packges Week 2
self.kwargs Home Box Packges Week 2
self.kwargs Home Box Packges Week 2
self.kwargs Home Box Packges Week 2
self.kwargs Home Box Packges Week 2
self.kwargs Home Box Packges Week 2
self.kwargs Home Box Packges Week 2
self.kwargs Home Box Packges Week 2
self.kwargs Home Box Packges Week 2
self.kwargs Home Box Packges Week 2
self.kwargs Home Box Packges Week 2
self.kwargs Home Box Packges Week 2
self.kwargs Home Box Packges Week 2
self.kwargs Home Box Packges Week 2
self.kwargs Home Box Packges Week 2
self.kwargs Home Box Packges Week 2
self.kwargs Home Box Packges Week 2
self.kwargs Home Box Packges Week 2
self.kwargs Home Box Packges Week 2
self.kwargs Home Box Packges Week 2
self.kwargs Home Box Packges Week 4
self.kwargs Home Box Packges Week 3
self.kwargs Home Box Packges Week 2
self.kwargs Home Box Packges Week 2
self.kwargs Home Box Packges Week 2
self.kwargs Home Box Packges Week 2
self.kwargs Home Box Packges Week 2
self.kwargs Home Box Packges Week 2
self.kwargs Home Box Packges Week 2
self.kwargs Home Box Packges Week 2
self.kwargs Home Box Packges Week 2
self.kwargs Home Box Packges Week 2
self.kwargs Home Box Packges Week 2
self.kwargs Home Box Packges Week 2
self.kwargs Home Box Packges Week 2
self.kwargs Home Box Packges Week 2
self.kwargs Home Box Packges Week 2
self.kwargs Home Box Packges Week 2
self.kwargs Home Box Packges Week 2
self.kwargs Home Box Packges Week 2
self.kwargs Home Box Packges Week 2
self.kwargs Home Box Packges Week 2
self.kwargs Home Box Packges Week 2
self.kwargs Home Box Packges Week 2
self.kwargs Home Box Packges Week 2
self.kwargs Home Box Packges Week 2
self.kwargs Home Box Packges Week 2
self.kwargs Home Box Packges Week 2
self.kwargs Home Box Packges Week 2
self.kwargs Home Box Packges Week 2
self.kwargs Home Box Packges Week 2
self.kwargs Home Box Packges Week 2
self.kwargs Home Box Packges Week 2
self.kwargs Home Box Packges Week 2
self.kwargs Home Box Packges 